<?xml version="1.0" encoding="UTF-8"?>
<coverage generated="1707394186454" clover="3.2.0">
  <project timestamp="1707394186454" name="All files">
    <metrics statements="65" coveredstatements="48" conditionals="73" coveredconditionals="53" methods="14" coveredmethods="13" elements="152" coveredelements="114" complexity="0" loc="65" ncloc="65" packages="1" files="5" classes="5"/>
    <file name="calc.js" path="/Users/ilhomislomov/Desktop/unit/intro/calc.js">
      <metrics statements="19" coveredstatements="17" conditionals="18" coveredconditionals="16" methods="4" coveredmethods="4"/>
      <line num="3" count="3" type="cond" truecount="4" falsecount="0"/>
      <line num="4" count="1" type="stmt"/>
      <line num="6" count="2" type="stmt"/>
      <line num="10" count="2" type="cond" truecount="3" falsecount="1"/>
      <line num="11" count="0" type="stmt"/>
      <line num="13" count="2" type="stmt"/>
      <line num="17" count="3" type="cond" truecount="3" falsecount="1"/>
      <line num="18" count="0" type="stmt"/>
      <line num="20" count="3" type="cond" truecount="2" falsecount="0"/>
      <line num="21" count="1" type="stmt"/>
      <line num="23" count="2" type="stmt"/>
      <line num="27" count="3" type="cond" truecount="4" falsecount="0"/>
      <line num="28" count="1" type="stmt"/>
      <line num="30" count="2" type="stmt"/>
      <line num="34" count="1" type="stmt"/>
      <line num="35" count="1" type="stmt"/>
      <line num="36" count="1" type="stmt"/>
      <line num="37" count="1" type="stmt"/>
      <line num="39" count="1" type="stmt"/>
    </file>
    <file name="checkAge.js" path="/Users/ilhomislomov/Desktop/unit/intro/checkAge.js">
      <metrics statements="2" coveredstatements="2" conditionals="0" coveredconditionals="0" methods="2" coveredmethods="2"/>
      <line num="2" count="1" type="stmt"/>
      <line num="6" count="1" type="stmt"/>
    </file>
    <file name="checkDivide.js" path="/Users/ilhomislomov/Desktop/unit/intro/checkDivide.js">
      <metrics statements="4" coveredstatements="4" conditionals="3" coveredconditionals="3" methods="1" coveredmethods="1"/>
      <line num="2" count="8" type="cond" truecount="3" falsecount="0"/>
      <line num="5" count="1" type="stmt"/>
      <line num="6" count="1" type="stmt"/>
      <line num="8" count="1" type="stmt"/>
    </file>
    <file name="date.js" path="/Users/ilhomislomov/Desktop/unit/intro/date.js">
      <metrics statements="32" coveredstatements="18" conditionals="50" coveredconditionals="33" methods="3" coveredmethods="2"/>
      <line num="4" count="18" type="cond" truecount="1" falsecount="1"/>
      <line num="5" count="0" type="stmt"/>
      <line num="7" count="18" type="stmt"/>
      <line num="10" count="18" type="cond" truecount="1" falsecount="1"/>
      <line num="11" count="0" type="stmt"/>
      <line num="14" count="54" type="stmt"/>
      <line num="16" count="18" type="cond" truecount="4" falsecount="1"/>
      <line num="17" count="0" type="stmt"/>
      <line num="20" count="18" type="cond" truecount="3" falsecount="2"/>
      <line num="22" count="6" type="cond" truecount="8" falsecount="0"/>
      <line num="23" count="5" type="stmt"/>
      <line num="25" count="1" type="stmt"/>
      <line num="27" count="6" type="cond" truecount="8" falsecount="0"/>
      <line num="28" count="5" type="stmt"/>
      <line num="30" count="1" type="stmt"/>
      <line num="32" count="6" type="cond" truecount="5" falsecount="3"/>
      <line num="33" count="6" type="stmt"/>
      <line num="35" count="0" type="stmt"/>
      <line num="37" count="0" type="stmt"/>
      <line num="38" count="0" type="stmt"/>
      <line num="39" count="0" type="cond" truecount="0" falsecount="2"/>
      <line num="40" count="0" type="stmt"/>
      <line num="42" count="0" type="stmt"/>
      <line num="43" count="0" type="cond" truecount="0" falsecount="6"/>
      <line num="44" count="0" type="stmt"/>
      <line num="46" count="0" type="stmt"/>
      <line num="48" count="0" type="stmt"/>
      <line num="51" count="2" type="stmt"/>
      <line num="52" count="2" type="cond" truecount="3" falsecount="1"/>
      <line num="53" count="0" type="stmt"/>
      <line num="56" count="2" type="stmt"/>
      <line num="59" count="1" type="stmt"/>
    </file>
    <file name="intro.js" path="/Users/ilhomislomov/Desktop/unit/intro/intro.js">
      <metrics statements="8" coveredstatements="7" conditionals="2" coveredconditionals="1" methods="4" coveredmethods="4"/>
      <line num="2" count="1" type="stmt"/>
      <line num="4" count="1" type="cond" truecount="1" falsecount="1"/>
      <line num="5" count="1" type="stmt"/>
      <line num="7" count="0" type="stmt"/>
      <line num="13" count="8" type="stmt"/>
      <line num="15" count="5" type="stmt"/>
      <line num="17" count="1" type="stmt"/>
      <line num="19" count="1" type="stmt"/>
    </file>
  </project>
</coverage>
