{"/Users/ilhomislomov/Desktop/unit/intro/calc.js": {"path":"/Users/ilhomislomov/Desktop/unit/intro/calc.js","statementMap":{"0":{"start":{"line":3,"column":4},"end":{"line":5,"column":5}},"1":{"start":{"line":4,"column":6},"end":{"line":4,"column":54}},"2":{"start":{"line":6,"column":4},"end":{"line":6,"column":17}},"3":{"start":{"line":10,"column":4},"end":{"line":12,"column":5}},"4":{"start":{"line":11,"column":6},"end":{"line":11,"column":54}},"5":{"start":{"line":13,"column":4},"end":{"line":13,"column":17}},"6":{"start":{"line":17,"column":4},"end":{"line":19,"column":5}},"7":{"start":{"line":18,"column":6},"end":{"line":18,"column":54}},"8":{"start":{"line":20,"column":4},"end":{"line":22,"column":5}},"9":{"start":{"line":21,"column":6},"end":{"line":21,"column":58}},"10":{"start":{"line":23,"column":4},"end":{"line":23,"column":17}},"11":{"start":{"line":27,"column":4},"end":{"line":29,"column":5}},"12":{"start":{"line":28,"column":6},"end":{"line":28,"column":54}},"13":{"start":{"line":30,"column":4},"end":{"line":30,"column":17}},"14":{"start":{"line":34,"column":0},"end":{"line":34,"column":34}},"15":{"start":{"line":35,"column":0},"end":{"line":35,"column":40}},"16":{"start":{"line":36,"column":0},"end":{"line":36,"column":39}},"17":{"start":{"line":37,"column":0},"end":{"line":37,"column":37}},"18":{"start":{"line":39,"column":0},"end":{"line":39,"column":28}}},"fnMap":{"0":{"name":"(anonymous_0)","decl":{"start":{"line":2,"column":2},"end":{"line":2,"column":3}},"loc":{"start":{"line":2,"column":19},"end":{"line":7,"column":3}},"line":2},"1":{"name":"(anonymous_1)","decl":{"start":{"line":9,"column":2},"end":{"line":9,"column":3}},"loc":{"start":{"line":9,"column":24},"end":{"line":14,"column":3}},"line":9},"2":{"name":"(anonymous_2)","decl":{"start":{"line":16,"column":2},"end":{"line":16,"column":3}},"loc":{"start":{"line":16,"column":22},"end":{"line":24,"column":3}},"line":16},"3":{"name":"(anonymous_3)","decl":{"start":{"line":26,"column":2},"end":{"line":26,"column":3}},"loc":{"start":{"line":26,"column":24},"end":{"line":31,"column":3}},"line":26}},"branchMap":{"0":{"loc":{"start":{"line":3,"column":4},"end":{"line":5,"column":5}},"type":"if","locations":[{"start":{"line":3,"column":4},"end":{"line":5,"column":5}},{"start":{},"end":{}}],"line":3},"1":{"loc":{"start":{"line":3,"column":8},"end":{"line":3,"column":28}},"type":"binary-expr","locations":[{"start":{"line":3,"column":8},"end":{"line":3,"column":16}},{"start":{"line":3,"column":20},"end":{"line":3,"column":28}}],"line":3},"2":{"loc":{"start":{"line":10,"column":4},"end":{"line":12,"column":5}},"type":"if","locations":[{"start":{"line":10,"column":4},"end":{"line":12,"column":5}},{"start":{},"end":{}}],"line":10},"3":{"loc":{"start":{"line":10,"column":8},"end":{"line":10,"column":28}},"type":"binary-expr","locations":[{"start":{"line":10,"column":8},"end":{"line":10,"column":16}},{"start":{"line":10,"column":20},"end":{"line":10,"column":28}}],"line":10},"4":{"loc":{"start":{"line":17,"column":4},"end":{"line":19,"column":5}},"type":"if","locations":[{"start":{"line":17,"column":4},"end":{"line":19,"column":5}},{"start":{},"end":{}}],"line":17},"5":{"loc":{"start":{"line":17,"column":8},"end":{"line":17,"column":28}},"type":"binary-expr","locations":[{"start":{"line":17,"column":8},"end":{"line":17,"column":16}},{"start":{"line":17,"column":20},"end":{"line":17,"column":28}}],"line":17},"6":{"loc":{"start":{"line":20,"column":4},"end":{"line":22,"column":5}},"type":"if","locations":[{"start":{"line":20,"column":4},"end":{"line":22,"column":5}},{"start":{},"end":{}}],"line":20},"7":{"loc":{"start":{"line":27,"column":4},"end":{"line":29,"column":5}},"type":"if","locations":[{"start":{"line":27,"column":4},"end":{"line":29,"column":5}},{"start":{},"end":{}}],"line":27},"8":{"loc":{"start":{"line":27,"column":8},"end":{"line":27,"column":28}},"type":"binary-expr","locations":[{"start":{"line":27,"column":8},"end":{"line":27,"column":16}},{"start":{"line":27,"column":20},"end":{"line":27,"column":28}}],"line":27}},"s":{"0":3,"1":1,"2":2,"3":2,"4":0,"5":2,"6":3,"7":0,"8":3,"9":1,"10":2,"11":3,"12":1,"13":2,"14":1,"15":1,"16":1,"17":1,"18":1},"f":{"0":3,"1":2,"2":3,"3":3},"b":{"0":[1,2],"1":[3,3],"2":[0,2],"3":[2,2],"4":[0,3],"5":[3,3],"6":[1,2],"7":[1,2],"8":[3,2]},"_coverageSchema":"1a1c01bbd47fc00a2c39e90264f33305004495a9","hash":"a13dd7b001fd8033218b6f329f4013798d330ff2"}
,"/Users/ilhomislomov/Desktop/unit/intro/checkAge.js": {"path":"/Users/ilhomislomov/Desktop/unit/intro/checkAge.js","statementMap":{"0":{"start":{"line":2,"column":4},"end":{"line":2,"column":52}},"1":{"start":{"line":2,"column":34},"end":{"line":2,"column":50}},"2":{"start":{"line":6,"column":2},"end":{"line":6,"column":34}}},"fnMap":{"0":{"name":"checkCondition","decl":{"start":{"line":1,"column":9},"end":{"line":1,"column":23}},"loc":{"start":{"line":1,"column":32},"end":{"line":3,"column":3}},"line":1},"1":{"name":"(anonymous_1)","decl":{"start":{"line":2,"column":24},"end":{"line":2,"column":25}},"loc":{"start":{"line":2,"column":34},"end":{"line":2,"column":50}},"line":2}},"branchMap":{},"s":{"0":1,"1":1,"2":1},"f":{"0":1,"1":1},"b":{},"_coverageSchema":"1a1c01bbd47fc00a2c39e90264f33305004495a9","hash":"b207afb7002286e0ea3d1ebcdbd011decc3fccf1"}
,"/Users/ilhomislomov/Desktop/unit/intro/checkDivide.js": {"path":"/Users/ilhomislomov/Desktop/unit/intro/checkDivide.js","statementMap":{"0":{"start":{"line":2,"column":2},"end":{"line":2,"column":67}},"1":{"start":{"line":5,"column":0},"end":{"line":5,"column":31}},"2":{"start":{"line":6,"column":0},"end":{"line":6,"column":31}},"3":{"start":{"line":8,"column":0},"end":{"line":8,"column":31}}},"fnMap":{"0":{"name":"checkToDivide","decl":{"start":{"line":1,"column":9},"end":{"line":1,"column":22}},"loc":{"start":{"line":1,"column":28},"end":{"line":3,"column":1}},"line":1}},"branchMap":{"0":{"loc":{"start":{"line":2,"column":9},"end":{"line":2,"column":66}},"type":"binary-expr","locations":[{"start":{"line":2,"column":9},"end":{"line":2,"column":32}},{"start":{"line":2,"column":36},"end":{"line":2,"column":49}},{"start":{"line":2,"column":53},"end":{"line":2,"column":66}}],"line":2}},"s":{"0":8,"1":1,"2":1,"3":1},"f":{"0":8},"b":{"0":[8,7,5]},"_coverageSchema":"1a1c01bbd47fc00a2c39e90264f33305004495a9","hash":"e5ac5fd9a16d527e3856e402ed8e2bf82ea2fd15"}
,"/Users/ilhomislomov/Desktop/unit/intro/date.js": {"path":"/Users/ilhomislomov/Desktop/unit/intro/date.js","statementMap":{"0":{"start":{"line":4,"column":4},"end":{"line":8,"column":5}},"1":{"start":{"line":5,"column":6},"end":{"line":5,"column":36}},"2":{"start":{"line":7,"column":6},"end":{"line":7,"column":36}},"3":{"start":{"line":10,"column":4},"end":{"line":12,"column":5}},"4":{"start":{"line":11,"column":6},"end":{"line":11,"column":19}},"5":{"start":{"line":14,"column":34},"end":{"line":14,"column":71}},"6":{"start":{"line":14,"column":52},"end":{"line":14,"column":70}},"7":{"start":{"line":16,"column":4},"end":{"line":18,"column":5}},"8":{"start":{"line":17,"column":6},"end":{"line":17,"column":19}},"9":{"start":{"line":20,"column":4},"end":{"line":49,"column":5}},"10":{"start":{"line":22,"column":8},"end":{"line":24,"column":9}},"11":{"start":{"line":23,"column":10},"end":{"line":23,"column":23}},"12":{"start":{"line":25,"column":8},"end":{"line":25,"column":14}},"13":{"start":{"line":27,"column":8},"end":{"line":29,"column":9}},"14":{"start":{"line":28,"column":10},"end":{"line":28,"column":23}},"15":{"start":{"line":30,"column":8},"end":{"line":30,"column":14}},"16":{"start":{"line":32,"column":8},"end":{"line":34,"column":9}},"17":{"start":{"line":33,"column":10},"end":{"line":33,"column":23}},"18":{"start":{"line":35,"column":8},"end":{"line":35,"column":14}},"19":{"start":{"line":37,"column":35},"end":{"line":37,"column":119}},"20":{"start":{"line":38,"column":27},"end":{"line":38,"column":79}},"21":{"start":{"line":38,"column":64},"end":{"line":38,"column":78}},"22":{"start":{"line":39,"column":8},"end":{"line":41,"column":9}},"23":{"start":{"line":40,"column":10},"end":{"line":40,"column":23}},"24":{"start":{"line":42,"column":22},"end":{"line":42,"column":36}},"25":{"start":{"line":43,"column":8},"end":{"line":45,"column":9}},"26":{"start":{"line":44,"column":10},"end":{"line":44,"column":23}},"27":{"start":{"line":46,"column":8},"end":{"line":46,"column":14}},"28":{"start":{"line":48,"column":8},"end":{"line":48,"column":21}},"29":{"start":{"line":51,"column":24},"end":{"line":51,"column":59}},"30":{"start":{"line":52,"column":4},"end":{"line":54,"column":5}},"31":{"start":{"line":53,"column":6},"end":{"line":53,"column":19}},"32":{"start":{"line":56,"column":4},"end":{"line":56,"column":16}},"33":{"start":{"line":59,"column":2},"end":{"line":59,"column":35}}},"fnMap":{"0":{"name":"checkDateFormat","decl":{"start":{"line":1,"column":9},"end":{"line":1,"column":24}},"loc":{"start":{"line":1,"column":45},"end":{"line":57,"column":3}},"line":1},"1":{"name":"(anonymous_1)","decl":{"start":{"line":14,"column":44},"end":{"line":14,"column":45}},"loc":{"start":{"line":14,"column":52},"end":{"line":14,"column":70}},"line":14},"2":{"name":"(anonymous_2)","decl":{"start":{"line":38,"column":56},"end":{"line":38,"column":57}},"loc":{"start":{"line":38,"column":64},"end":{"line":38,"column":78}},"line":38}},"branchMap":{"0":{"loc":{"start":{"line":4,"column":4},"end":{"line":8,"column":5}},"type":"if","locations":[{"start":{"line":4,"column":4},"end":{"line":8,"column":5}},{"start":{"line":6,"column":11},"end":{"line":8,"column":5}}],"line":4},"1":{"loc":{"start":{"line":10,"column":4},"end":{"line":12,"column":5}},"type":"if","locations":[{"start":{"line":10,"column":4},"end":{"line":12,"column":5}},{"start":{},"end":{}}],"line":10},"2":{"loc":{"start":{"line":16,"column":4},"end":{"line":18,"column":5}},"type":"if","locations":[{"start":{"line":16,"column":4},"end":{"line":18,"column":5}},{"start":{},"end":{}}],"line":16},"3":{"loc":{"start":{"line":16,"column":8},"end":{"line":16,"column":52}},"type":"binary-expr","locations":[{"start":{"line":16,"column":8},"end":{"line":16,"column":20}},{"start":{"line":16,"column":24},"end":{"line":16,"column":36}},{"start":{"line":16,"column":40},"end":{"line":16,"column":52}}],"line":16},"4":{"loc":{"start":{"line":20,"column":4},"end":{"line":49,"column":5}},"type":"switch","locations":[{"start":{"line":21,"column":6},"end":{"line":25,"column":14}},{"start":{"line":26,"column":6},"end":{"line":30,"column":14}},{"start":{"line":31,"column":6},"end":{"line":35,"column":14}},{"start":{"line":36,"column":6},"end":{"line":46,"column":14}},{"start":{"line":47,"column":6},"end":{"line":48,"column":21}}],"line":20},"5":{"loc":{"start":{"line":22,"column":8},"end":{"line":24,"column":9}},"type":"if","locations":[{"start":{"line":22,"column":8},"end":{"line":24,"column":9}},{"start":{},"end":{}}],"line":22},"6":{"loc":{"start":{"line":22,"column":12},"end":{"line":22,"column":94}},"type":"binary-expr","locations":[{"start":{"line":22,"column":12},"end":{"line":22,"column":21}},{"start":{"line":22,"column":25},"end":{"line":22,"column":35}},{"start":{"line":22,"column":39},"end":{"line":22,"column":48}},{"start":{"line":22,"column":52},"end":{"line":22,"column":62}},{"start":{"line":22,"column":66},"end":{"line":22,"column":78}},{"start":{"line":22,"column":82},"end":{"line":22,"column":94}}],"line":22},"7":{"loc":{"start":{"line":27,"column":8},"end":{"line":29,"column":9}},"type":"if","locations":[{"start":{"line":27,"column":8},"end":{"line":29,"column":9}},{"start":{},"end":{}}],"line":27},"8":{"loc":{"start":{"line":27,"column":12},"end":{"line":27,"column":94}},"type":"binary-expr","locations":[{"start":{"line":27,"column":12},"end":{"line":27,"column":21}},{"start":{"line":27,"column":25},"end":{"line":27,"column":35}},{"start":{"line":27,"column":39},"end":{"line":27,"column":48}},{"start":{"line":27,"column":52},"end":{"line":27,"column":62}},{"start":{"line":27,"column":66},"end":{"line":27,"column":78}},{"start":{"line":27,"column":82},"end":{"line":27,"column":94}}],"line":27},"9":{"loc":{"start":{"line":32,"column":8},"end":{"line":34,"column":9}},"type":"if","locations":[{"start":{"line":32,"column":8},"end":{"line":34,"column":9}},{"start":{},"end":{}}],"line":32},"10":{"loc":{"start":{"line":32,"column":12},"end":{"line":32,"column":94}},"type":"binary-expr","locations":[{"start":{"line":32,"column":12},"end":{"line":32,"column":24}},{"start":{"line":32,"column":28},"end":{"line":32,"column":40}},{"start":{"line":32,"column":44},"end":{"line":32,"column":53}},{"start":{"line":32,"column":57},"end":{"line":32,"column":67}},{"start":{"line":32,"column":71},"end":{"line":32,"column":80}},{"start":{"line":32,"column":84},"end":{"line":32,"column":94}}],"line":32},"11":{"loc":{"start":{"line":39,"column":8},"end":{"line":41,"column":9}},"type":"if","locations":[{"start":{"line":39,"column":8},"end":{"line":41,"column":9}},{"start":{},"end":{}}],"line":39},"12":{"loc":{"start":{"line":43,"column":8},"end":{"line":45,"column":9}},"type":"if","locations":[{"start":{"line":43,"column":8},"end":{"line":45,"column":9}},{"start":{},"end":{}}],"line":43},"13":{"loc":{"start":{"line":43,"column":12},"end":{"line":43,"column":67}},"type":"binary-expr","locations":[{"start":{"line":43,"column":12},"end":{"line":43,"column":21}},{"start":{"line":43,"column":25},"end":{"line":43,"column":35}},{"start":{"line":43,"column":39},"end":{"line":43,"column":51}},{"start":{"line":43,"column":55},"end":{"line":43,"column":67}}],"line":43},"14":{"loc":{"start":{"line":52,"column":4},"end":{"line":54,"column":5}},"type":"if","locations":[{"start":{"line":52,"column":4},"end":{"line":54,"column":5}},{"start":{},"end":{}}],"line":52},"15":{"loc":{"start":{"line":52,"column":8},"end":{"line":52,"column":40}},"type":"binary-expr","locations":[{"start":{"line":52,"column":8},"end":{"line":52,"column":17}},{"start":{"line":52,"column":21},"end":{"line":52,"column":40}}],"line":52}},"s":{"0":18,"1":0,"2":18,"3":18,"4":0,"5":18,"6":54,"7":18,"8":0,"9":18,"10":6,"11":5,"12":1,"13":6,"14":5,"15":1,"16":6,"17":6,"18":0,"19":0,"20":0,"21":0,"22":0,"23":0,"24":0,"25":0,"26":0,"27":0,"28":0,"29":2,"30":2,"31":0,"32":2,"33":1},"f":{"0":18,"1":54,"2":0},"b":{"0":[0,18],"1":[0,18],"2":[0,18],"3":[18,18,18],"4":[6,6,6,0,0],"5":[5,1],"6":[6,6,4,4,1,1],"7":[5,1],"8":[6,6,4,4,1,1],"9":[6,0],"10":[6,5,4,4,0,0],"11":[0,0],"12":[0,0],"13":[0,0,0,0],"14":[0,2],"15":[2,2]},"_coverageSchema":"1a1c01bbd47fc00a2c39e90264f33305004495a9","hash":"bc4df4a3ee26e14a02fbeea5c5fa1a80b89e51df"}
,"/Users/ilhomislomov/Desktop/unit/intro/intro.js": {"path":"/Users/ilhomislomov/Desktop/unit/intro/intro.js","statementMap":{"0":{"start":{"line":2,"column":2},"end":{"line":10,"column":4}},"1":{"start":{"line":4,"column":6},"end":{"line":8,"column":7}},"2":{"start":{"line":5,"column":8},"end":{"line":5,"column":32}},"3":{"start":{"line":7,"column":8},"end":{"line":7,"column":70}},"4":{"start":{"line":13,"column":12},"end":{"line":13,"column":27}},"5":{"start":{"line":13,"column":22},"end":{"line":13,"column":27}},"6":{"start":{"line":15,"column":19},"end":{"line":15,"column":29}},"7":{"start":{"line":15,"column":25},"end":{"line":15,"column":29}},"8":{"start":{"line":17,"column":0},"end":{"line":17,"column":26}},"9":{"start":{"line":19,"column":0},"end":{"line":19,"column":37}}},"fnMap":{"0":{"name":"expect","decl":{"start":{"line":1,"column":9},"end":{"line":1,"column":15}},"loc":{"start":{"line":1,"column":23},"end":{"line":11,"column":1}},"line":1},"1":{"name":"(anonymous_1)","decl":{"start":{"line":3,"column":10},"end":{"line":3,"column":11}},"loc":{"start":{"line":3,"column":19},"end":{"line":9,"column":5}},"line":3},"2":{"name":"(anonymous_2)","decl":{"start":{"line":13,"column":12},"end":{"line":13,"column":13}},"loc":{"start":{"line":13,"column":22},"end":{"line":13,"column":27}},"line":13},"3":{"name":"(anonymous_3)","decl":{"start":{"line":15,"column":19},"end":{"line":15,"column":20}},"loc":{"start":{"line":15,"column":25},"end":{"line":15,"column":29}},"line":15}},"branchMap":{"0":{"loc":{"start":{"line":4,"column":6},"end":{"line":8,"column":7}},"type":"if","locations":[{"start":{"line":4,"column":6},"end":{"line":8,"column":7}},{"start":{"line":6,"column":13},"end":{"line":8,"column":7}}],"line":4}},"s":{"0":1,"1":1,"2":1,"3":0,"4":1,"5":8,"6":1,"7":5,"8":1,"9":1},"f":{"0":1,"1":1,"2":8,"3":5},"b":{"0":[1,0]},"_coverageSchema":"1a1c01bbd47fc00a2c39e90264f33305004495a9","hash":"d3402435c31e011a1e03e4544ba01f0f4e52077c"}
}
