TN:
SF:intro/calc.js
FN:2,(anonymous_0)
FN:9,(anonymous_1)
FN:16,(anonymous_2)
FN:26,(anonymous_3)
FNF:4
FNH:4
FNDA:3,(anonymous_0)
FNDA:2,(anonymous_1)
FNDA:3,(anonymous_2)
FNDA:3,(anonymous_3)
DA:3,3
DA:4,1
DA:6,2
DA:10,2
DA:11,0
DA:13,2
DA:17,3
DA:18,0
DA:20,3
DA:21,1
DA:23,2
DA:27,3
DA:28,1
DA:30,2
DA:34,1
DA:35,1
DA:36,1
DA:37,1
DA:39,1
LF:19
LH:17
BRDA:3,0,0,1
BRDA:3,0,1,2
BRDA:3,1,0,3
BRDA:3,1,1,3
BRDA:10,2,0,0
BRDA:10,2,1,2
BRDA:10,3,0,2
BRDA:10,3,1,2
BRDA:17,4,0,0
BRDA:17,4,1,3
BRDA:17,5,0,3
BRDA:17,5,1,3
BRDA:20,6,0,1
BRDA:20,6,1,2
BRDA:27,7,0,1
BRDA:27,7,1,2
BRDA:27,8,0,3
BRDA:27,8,1,2
BRF:18
BRH:16
end_of_record
TN:
SF:intro/checkAge.js
FN:1,checkCondition
FN:2,(anonymous_1)
FNF:2
FNH:2
FNDA:1,checkCondition
FNDA:1,(anonymous_1)
DA:2,1
DA:6,1
LF:2
LH:2
BRF:0
BRH:0
end_of_record
TN:
SF:intro/checkDivide.js
FN:1,checkToDivide
FNF:1
FNH:1
FNDA:8,checkToDivide
DA:2,8
DA:5,1
DA:6,1
DA:8,1
LF:4
LH:4
BRDA:2,0,0,8
BRDA:2,0,1,7
BRDA:2,0,2,5
BRF:3
BRH:3
end_of_record
TN:
SF:intro/date.js
FN:1,checkDateFormat
FN:14,(anonymous_1)
FN:38,(anonymous_2)
FNF:3
FNH:2
FNDA:18,checkDateFormat
FNDA:54,(anonymous_1)
FNDA:0,(anonymous_2)
DA:4,18
DA:5,0
DA:7,18
DA:10,18
DA:11,0
DA:14,54
DA:16,18
DA:17,0
DA:20,18
DA:22,6
DA:23,5
DA:25,1
DA:27,6
DA:28,5
DA:30,1
DA:32,6
DA:33,6
DA:35,0
DA:37,0
DA:38,0
DA:39,0
DA:40,0
DA:42,0
DA:43,0
DA:44,0
DA:46,0
DA:48,0
DA:51,2
DA:52,2
DA:53,0
DA:56,2
DA:59,1
LF:32
LH:18
BRDA:4,0,0,0
BRDA:4,0,1,18
BRDA:10,1,0,0
BRDA:10,1,1,18
BRDA:16,2,0,0
BRDA:16,2,1,18
BRDA:16,3,0,18
BRDA:16,3,1,18
BRDA:16,3,2,18
BRDA:20,4,0,6
BRDA:20,4,1,6
BRDA:20,4,2,6
BRDA:20,4,3,0
BRDA:20,4,4,0
BRDA:22,5,0,5
BRDA:22,5,1,1
BRDA:22,6,0,6
BRDA:22,6,1,6
BRDA:22,6,2,4
BRDA:22,6,3,4
BRDA:22,6,4,1
BRDA:22,6,5,1
BRDA:27,7,0,5
BRDA:27,7,1,1
BRDA:27,8,0,6
BRDA:27,8,1,6
BRDA:27,8,2,4
BRDA:27,8,3,4
BRDA:27,8,4,1
BRDA:27,8,5,1
BRDA:32,9,0,6
BRDA:32,9,1,0
BRDA:32,10,0,6
BRDA:32,10,1,5
BRDA:32,10,2,4
BRDA:32,10,3,4
BRDA:32,10,4,0
BRDA:32,10,5,0
BRDA:39,11,0,0
BRDA:39,11,1,0
BRDA:43,12,0,0
BRDA:43,12,1,0
BRDA:43,13,0,0
BRDA:43,13,1,0
BRDA:43,13,2,0
BRDA:43,13,3,0
BRDA:52,14,0,0
BRDA:52,14,1,2
BRDA:52,15,0,2
BRDA:52,15,1,2
BRF:50
BRH:33
end_of_record
TN:
SF:intro/intro.js
FN:1,expect
FN:3,(anonymous_1)
FN:13,(anonymous_2)
FN:15,(anonymous_3)
FNF:4
FNH:4
FNDA:1,expect
FNDA:1,(anonymous_1)
FNDA:8,(anonymous_2)
FNDA:5,(anonymous_3)
DA:2,1
DA:4,1
DA:5,1
DA:7,0
DA:13,8
DA:15,5
DA:17,1
DA:19,1
LF:8
LH:7
BRDA:4,0,0,1
BRDA:4,0,1,0
BRF:2
BRH:1
end_of_record
